# JRE version: OpenJDK Runtime Environment (8.0_152-b06) (build 1.8.0_152-release-1136-b06)
# Java VM: OpenJDK 64-Bit Server VM (25.152-b06 mixed mode windows-amd64 compressed oops)
Heap:
 PSYoungGen      total 417280K, used 21978K [0x00000000e0000000, 0x00000000fd400000, 0x0000000100000000)
  eden space 367616K, 4% used [0x00000000e0000000,0x00000000e10d6a38,0x00000000f6700000)
  from space 49664K, 9% used [0x00000000fa380000,0x00000000fa820040,0x00000000fd400000)
  to   space 55808K, 0% used [0x00000000f6700000,0x00000000f6700000,0x00000000f9d80000)
 ParOldGen       total 251392K, used 159700K [0x00000000a0000000, 0x00000000af580000, 0x00000000e0000000)
  object space 251392K, 63% used [0x00000000a0000000,0x00000000a9bf52a0,0x00000000af580000)
 Metaspace       used 77284K, capacity 80198K, committed 80384K, reserved 1118208K
  class space    used 10014K, capacity 10657K, committed 10752K, reserved 1048576K
GC Heap History (10 events):
Event: 327.345 GC heap before
{Heap before GC invocations=26 (full 4):
 PSYoungGen      total 255488K, used 231642K [0x00000000e0000000, 0x00000000f7c00000, 0x0000000100000000)
  eden space 229376K, 99% used [0x00000000e0000000,0x00000000edeb7dc0,0x00000000ee000000)
  from space 26112K, 13% used [0x00000000ee000000,0x00000000ee37eaf0,0x00000000ef980000)
  to   space 61952K, 0% used [0x00000000f3f80000,0x00000000f3f80000,0x00000000f7c00000)
 ParOldGen       total 251392K, used 139179K [0x00000000a0000000, 0x00000000af580000, 0x00000000e0000000)
  object space 251392K, 55% used [0x00000000a0000000,0x00000000a87eaee0,0x00000000af580000)
 Metaspace       used 76217K, capacity 78924K, committed 79232K, reserved 1118208K
  class space    used 9947K, capacity 10536K, committed 10624K, reserved 1048576K
Event: 327.876 GC heap after
Heap after GC invocations=26 (full 4):
 PSYoungGen      total 321024K, used 47915K [0x00000000e0000000, 0x00000000f9b80000, 0x0000000100000000)
  eden space 259072K, 0% used [0x00000000e0000000,0x00000000e0000000,0x00000000efd00000)
  from space 61952K, 77% used [0x00000000f3f80000,0x00000000f6e4ae60,0x00000000f7c00000)
  to   space 68096K, 0% used [0x00000000efd00000,0x00000000efd00000,0x00000000f3f80000)
 ParOldGen       total 251392K, used 139187K [0x00000000a0000000, 0x00000000af580000, 0x00000000e0000000)
  object space 251392K, 55% used [0x00000000a0000000,0x00000000a87ecee0,0x00000000af580000)
 Metaspace       used 76217K, capacity 78924K, committed 79232K, reserved 1118208K
  class space    used 9947K, capacity 10536K, committed 10624K, reserved 1048576K
}
Event: 557.531 GC heap before
{Heap before GC invocations=27 (full 4):
 PSYoungGen      total 321024K, used 306987K [0x00000000e0000000, 0x00000000f9b80000, 0x0000000100000000)
  eden space 259072K, 100% used [0x00000000e0000000,0x00000000efd00000,0x00000000efd00000)
  from space 61952K, 77% used [0x00000000f3f80000,0x00000000f6e4ae60,0x00000000f7c00000)
  to   space 68096K, 0% used [0x00000000efd00000,0x00000000efd00000,0x00000000f3f80000)
 ParOldGen       total 251392K, used 139187K [0x00000000a0000000, 0x00000000af580000, 0x00000000e0000000)
  object space 251392K, 55% used [0x00000000a0000000,0x00000000a87ecee0,0x00000000af580000)
 Metaspace       used 76678K, capacity 79438K, committed 79488K, reserved 1118208K
  class space    used 9994K, capacity 10589K, committed 10624K, reserved 1048576K
Event: 557.968 GC heap after
Heap after GC invocations=27 (full 4):
 PSYoungGen      total 327168K, used 22642K [0x00000000e0000000, 0x00000000fb100000, 0x0000000100000000)
  eden space 259072K, 0% used [0x00000000e0000000,0x00000000e0000000,0x00000000efd00000)
  from space 68096K, 33% used [0x00000000efd00000,0x00000000f131c808,0x00000000f3f80000)
  to   space 64000K, 0% used [0x00000000f7280000,0x00000000f7280000,0x00000000fb100000)
 ParOldGen       total 251392K, used 139195K [0x00000000a0000000, 0x00000000af580000, 0x00000000e0000000)
  object space 251392K, 55% used [0x00000000a0000000,0x00000000a87eeee0,0x00000000af580000)
 Metaspace       used 76678K, capacity 79438K, committed 79488K, reserved 1118208K
  class space    used 9994K, capacity 10589K, committed 10624K, reserved 1048576K
}
Event: 568.465 GC heap before
{Heap before GC invocations=28 (full 4):
 PSYoungGen      total 327168K, used 281714K [0x00000000e0000000, 0x00000000fb100000, 0x0000000100000000)
  eden space 259072K, 100% used [0x00000000e0000000,0x00000000efd00000,0x00000000efd00000)
  from space 68096K, 33% used [0x00000000efd00000,0x00000000f131c808,0x00000000f3f80000)
  to   space 64000K, 0% used [0x00000000f7280000,0x00000000f7280000,0x00000000fb100000)
 ParOldGen       total 251392K, used 139195K [0x00000000a0000000, 0x00000000af580000, 0x00000000e0000000)
  object space 251392K, 55% used [0x00000000a0000000,0x00000000a87eeee0,0x00000000af580000)
 Metaspace       used 76680K, capacity 79438K, committed 79488K, reserved 1118208K
  class space    used 9994K, capacity 10589K, committed 10624K, reserved 1048576K
Event: 568.962 GC heap after
Heap after GC invocations=28 (full 4):
 PSYoungGen      total 381440K, used 22224K [0x00000000e0000000, 0x00000000faf80000, 0x0000000100000000)
  eden space 318976K, 0% used [0x00000000e0000000,0x00000000e0000000,0x00000000f3780000)
  from space 62464K, 35% used [0x00000000f7280000,0x00000000f88343e0,0x00000000faf80000)
  to   space 60416K, 0% used [0x00000000f3780000,0x00000000f3780000,0x00000000f7280000)
 ParOldGen       total 251392K, used 139195K [0x00000000a0000000, 0x00000000af580000, 0x00000000e0000000)
  object space 251392K, 55% used [0x00000000a0000000,0x00000000a87eeee0,0x00000000af580000)
 Metaspace       used 76680K, capacity 79438K, committed 79488K, reserved 1118208K
  class space    used 9994K, capacity 10589K, committed 10624K, reserved 1048576K
}
Event: 611.186 GC heap before
{Heap before GC invocations=29 (full 4):
 PSYoungGen      total 381440K, used 341200K [0x00000000e0000000, 0x00000000faf80000, 0x0000000100000000)
  eden space 318976K, 100% used [0x00000000e0000000,0x00000000f3780000,0x00000000f3780000)
  from space 62464K, 35% used [0x00000000f7280000,0x00000000f88343e0,0x00000000faf80000)
  to   space 60416K, 0% used [0x00000000f3780000,0x00000000f3780000,0x00000000f7280000)
 ParOldGen       total 251392K, used 139195K [0x00000000a0000000, 0x00000000af580000, 0x00000000e0000000)
  object space 251392K, 55% used [0x00000000a0000000,0x00000000a87eeee0,0x00000000af580000)
 Metaspace       used 77098K, capacity 79878K, committed 80000K, reserved 1118208K
  class space    used 10005K, capacity 10609K, committed 10624K, reserved 1048576K
Event: 611.806 GC heap after
Heap after GC invocations=29 (full 4):
 PSYoungGen      total 379392K, used 21984K [0x00000000e0000000, 0x00000000fda80000, 0x0000000100000000)
  eden space 318976K, 0% used [0x00000000e0000000,0x00000000e0000000,0x00000000f3780000)
  from space 60416K, 36% used [0x00000000f3780000,0x00000000f4cf83f0,0x00000000f7280000)
  to   space 56320K, 0% used [0x00000000fa380000,0x00000000fa380000,0x00000000fda80000)
 ParOldGen       total 251392K, used 140555K [0x00000000a0000000, 0x00000000af580000, 0x00000000e0000000)
  object space 251392K, 55% used [0x00000000a0000000,0x00000000a8942ee0,0x00000000af580000)
 Metaspace       used 77098K, capacity 79878K, committed 80000K, reserved 1118208K
  class space    used 10005K, capacity 10609K, committed 10624K, reserved 1048576K
}
Event: 627.305 GC heap before
{Heap before GC invocations=30 (full 4):
 PSYoungGen      total 379392K, used 340960K [0x00000000e0000000, 0x00000000fda80000, 0x0000000100000000)
  eden space 318976K, 100% used [0x00000000e0000000,0x00000000f3780000,0x00000000f3780000)
  from space 60416K, 36% used [0x00000000f3780000,0x00000000f4cf83f0,0x00000000f7280000)
  to   space 56320K, 0% used [0x00000000fa380000,0x00000000fa380000,0x00000000fda80000)
 ParOldGen       total 251392K, used 140555K [0x00000000a0000000, 0x00000000af580000, 0x00000000e0000000)
  object space 251392K, 55% used [0x00000000a0000000,0x00000000a8942ee0,0x00000000af580000)
 Metaspace       used 77276K, capacity 80102K, committed 80384K, reserved 1118208K
  class space    used 10013K, capacity 10625K, committed 10752K, reserved 1048576K
Event: 627.344 GC heap after
Heap after GC invocations=30 (full 4):
 PSYoungGen      total 417280K, used 4736K [0x00000000e0000000, 0x00000000fd400000, 0x0000000100000000)
  eden space 367616K, 0% used [0x00000000e0000000,0x00000000e0000000,0x00000000f6700000)
  from space 49664K, 9% used [0x00000000fa380000,0x00000000fa820040,0x00000000fd400000)
  to   space 55808K, 0% used [0x00000000f6700000,0x00000000f6700000,0x00000000f9d80000)
 ParOldGen       total 251392K, used 159700K [0x00000000a0000000, 0x00000000af580000, 0x00000000e0000000)
  object space 251392K, 63% used [0x00000000a0000000,0x00000000a9bf52a0,0x00000000af580000)
 Metaspace       used 77276K, capacity 80102K, committed 80384K, reserved 1118208K
  class space    used 10013K, capacity 10625K, committed 10752K, reserved 1048576K
}

