# JRE version: OpenJDK Runtime Environment (8.0_152-b06) (build 1.8.0_152-release-1136-b06)
# Java VM: OpenJDK 64-Bit Server VM (25.152-b06 mixed mode windows-amd64 compressed oops)
Heap:
 PSYoungGen      total 184320K, used 154981K [0x00000000e0000000, 0x00000000ec880000, 0x0000000100000000)
  eden space 175616K, 88% used [0x00000000e0000000,0x00000000e97296e0,0x00000000eab80000)
  from space 8704K, 2% used [0x00000000ec000000,0x00000000ec030000,0x00000000ec880000)
  to   space 14848K, 0% used [0x00000000eab80000,0x00000000eab80000,0x00000000eba00000)
 ParOldGen       total 57344K, used 32702K [0x00000000a0000000, 0x00000000a3800000, 0x00000000e0000000)
  object space 57344K, 57% used [0x00000000a0000000,0x00000000a1fef908,0x00000000a3800000)
 Metaspace       used 45266K, capacity 46308K, committed 46464K, reserved 1089536K
  class space    used 6161K, capacity 6476K, committed 6528K, reserved 1048576K
GC Heap History (10 events):
Event: 13.718 GC heap before
{Heap before GC invocations=10 (full 1):
 PSYoungGen      total 113664K, used 105178K [0x00000000e0000000, 0x00000000e8c80000, 0x0000000100000000)
  eden space 106496K, 92% used [0x00000000e0000000,0x00000000e5fc5880,0x00000000e6800000)
  from space 7168K, 99% used [0x00000000e8580000,0x00000000e8c70f88,0x00000000e8c80000)
  to   space 8704K, 0% used [0x00000000e7b80000,0x00000000e7b80000,0x00000000e8400000)
 ParOldGen       total 34304K, used 8401K [0x00000000a0000000, 0x00000000a2180000, 0x00000000e0000000)
  object space 34304K, 24% used [0x00000000a0000000,0x00000000a08344f8,0x00000000a2180000)
 Metaspace       used 34583K, capacity 35214K, committed 35416K, reserved 1079296K
  class space    used 4795K, capacity 4993K, committed 5120K, reserved 1048576K
Event: 13.745 GC heap after
Heap after GC invocations=10 (full 1):
 PSYoungGen      total 135168K, used 8691K [0x00000000e0000000, 0x00000000ea500000, 0x0000000100000000)
  eden space 126464K, 0% used [0x00000000e0000000,0x00000000e0000000,0x00000000e7b80000)
  from space 8704K, 99% used [0x00000000e7b80000,0x00000000e83fcd38,0x00000000e8400000)
  to   space 11264K, 0% used [0x00000000e9a00000,0x00000000e9a00000,0x00000000ea500000)
 ParOldGen       total 34304K, used 12765K [0x00000000a0000000, 0x00000000a2180000, 0x00000000e0000000)
  object space 34304K, 37% used [0x00000000a0000000,0x00000000a0c774c0,0x00000000a2180000)
 Metaspace       used 34583K, capacity 35214K, committed 35416K, reserved 1079296K
  class space    used 4795K, capacity 4993K, committed 5120K, reserved 1048576K
}
Event: 13.745 GC heap before
{Heap before GC invocations=11 (full 2):
 PSYoungGen      total 135168K, used 8691K [0x00000000e0000000, 0x00000000ea500000, 0x0000000100000000)
  eden space 126464K, 0% used [0x00000000e0000000,0x00000000e0000000,0x00000000e7b80000)
  from space 8704K, 99% used [0x00000000e7b80000,0x00000000e83fcd38,0x00000000e8400000)
  to   space 11264K, 0% used [0x00000000e9a00000,0x00000000e9a00000,0x00000000ea500000)
 ParOldGen       total 34304K, used 12765K [0x00000000a0000000, 0x00000000a2180000, 0x00000000e0000000)
  object space 34304K, 37% used [0x00000000a0000000,0x00000000a0c774c0,0x00000000a2180000)
 Metaspace       used 34583K, capacity 35214K, committed 35416K, reserved 1079296K
  class space    used 4795K, capacity 4993K, committed 5120K, reserved 1048576K
Event: 13.843 GC heap after
Heap after GC invocations=11 (full 2):
 PSYoungGen      total 135168K, used 0K [0x00000000e0000000, 0x00000000ea500000, 0x0000000100000000)
  eden space 126464K, 0% used [0x00000000e0000000,0x00000000e0000000,0x00000000e7b80000)
  from space 8704K, 0% used [0x00000000e7b80000,0x00000000e7b80000,0x00000000e8400000)
  to   space 11264K, 0% used [0x00000000e9a00000,0x00000000e9a00000,0x00000000ea500000)
 ParOldGen       total 57344K, used 19549K [0x00000000a0000000, 0x00000000a3800000, 0x00000000e0000000)
  object space 57344K, 34% used [0x00000000a0000000,0x00000000a1317508,0x00000000a3800000)
 Metaspace       used 34583K, capacity 35214K, committed 35416K, reserved 1079296K
  class space    used 4795K, capacity 4993K, committed 5120K, reserved 1048576K
}
Event: 18.208 GC heap before
{Heap before GC invocations=12 (full 2):
 PSYoungGen      total 135168K, used 126464K [0x00000000e0000000, 0x00000000ea500000, 0x0000000100000000)
  eden space 126464K, 100% used [0x00000000e0000000,0x00000000e7b80000,0x00000000e7b80000)
  from space 8704K, 0% used [0x00000000e7b80000,0x00000000e7b80000,0x00000000e8400000)
  to   space 11264K, 0% used [0x00000000e9a00000,0x00000000e9a00000,0x00000000ea500000)
 ParOldGen       total 57344K, used 19549K [0x00000000a0000000, 0x00000000a3800000, 0x00000000e0000000)
  object space 57344K, 34% used [0x00000000a0000000,0x00000000a1317508,0x00000000a3800000)
 Metaspace       used 42706K, capacity 43716K, committed 44032K, reserved 1087488K
  class space    used 5781K, capacity 6106K, committed 6144K, reserved 1048576K
Event: 18.267 GC heap after
Heap after GC invocations=12 (full 2):
 PSYoungGen      total 154624K, used 11245K [0x00000000e0000000, 0x00000000ebd00000, 0x0000000100000000)
  eden space 143360K, 0% used [0x00000000e0000000,0x00000000e0000000,0x00000000e8c00000)
  from space 11264K, 99% used [0x00000000e9a00000,0x00000000ea4fb790,0x00000000ea500000)
  to   space 14336K, 0% used [0x00000000e8c00000,0x00000000e8c00000,0x00000000e9a00000)
 ParOldGen       total 57344K, used 23225K [0x00000000a0000000, 0x00000000a3800000, 0x00000000e0000000)
  object space 57344K, 40% used [0x00000000a0000000,0x00000000a16ae580,0x00000000a3800000)
 Metaspace       used 42706K, capacity 43716K, committed 44032K, reserved 1087488K
  class space    used 5781K, capacity 6106K, committed 6144K, reserved 1048576K
}
Event: 22.886 GC heap before
{Heap before GC invocations=13 (full 2):
 PSYoungGen      total 154624K, used 154605K [0x00000000e0000000, 0x00000000ebd00000, 0x0000000100000000)
  eden space 143360K, 100% used [0x00000000e0000000,0x00000000e8c00000,0x00000000e8c00000)
  from space 11264K, 99% used [0x00000000e9a00000,0x00000000ea4fb790,0x00000000ea500000)
  to   space 14336K, 0% used [0x00000000e8c00000,0x00000000e8c00000,0x00000000e9a00000)
 ParOldGen       total 57344K, used 23225K [0x00000000a0000000, 0x00000000a3800000, 0x00000000e0000000)
  object space 57344K, 40% used [0x00000000a0000000,0x00000000a16ae580,0x00000000a3800000)
 Metaspace       used 42801K, capacity 43800K, committed 44032K, reserved 1087488K
  class space    used 5783K, capacity 6106K, committed 6144K, reserved 1048576K
Event: 22.899 GC heap after
Heap after GC invocations=13 (full 2):
 PSYoungGen      total 157696K, used 128K [0x00000000e0000000, 0x00000000ece80000, 0x0000000100000000)
  eden space 143360K, 0% used [0x00000000e0000000,0x00000000e0000000,0x00000000e8c00000)
  from space 14336K, 0% used [0x00000000e8c00000,0x00000000e8c20000,0x00000000e9a00000)
  to   space 14848K, 0% used [0x00000000ec000000,0x00000000ec000000,0x00000000ece80000)
 ParOldGen       total 57344K, used 32694K [0x00000000a0000000, 0x00000000a3800000, 0x00000000e0000000)
  object space 57344K, 57% used [0x00000000a0000000,0x00000000a1fed908,0x00000000a3800000)
 Metaspace       used 42801K, capacity 43800K, committed 44032K, reserved 1087488K
  class space    used 5783K, capacity 6106K, committed 6144K, reserved 1048576K
}
Event: 30.116 GC heap before
{Heap before GC invocations=14 (full 2):
 PSYoungGen      total 157696K, used 143488K [0x00000000e0000000, 0x00000000ece80000, 0x0000000100000000)
  eden space 143360K, 100% used [0x00000000e0000000,0x00000000e8c00000,0x00000000e8c00000)
  from space 14336K, 0% used [0x00000000e8c00000,0x00000000e8c20000,0x00000000e9a00000)
  to   space 14848K, 0% used [0x00000000ec000000,0x00000000ec000000,0x00000000ece80000)
 ParOldGen       total 57344K, used 32694K [0x00000000a0000000, 0x00000000a3800000, 0x00000000e0000000)
  object space 57344K, 57% used [0x00000000a0000000,0x00000000a1fed908,0x00000000a3800000)
 Metaspace       used 42802K, capacity 43800K, committed 44032K, reserved 1087488K
  class space    used 5783K, capacity 6106K, committed 6144K, reserved 1048576K
Event: 30.117 GC heap after
Heap after GC invocations=14 (full 2):
 PSYoungGen      total 184320K, used 192K [0x00000000e0000000, 0x00000000ec880000, 0x0000000100000000)
  eden space 175616K, 0% used [0x00000000e0000000,0x00000000e0000000,0x00000000eab80000)
  from space 8704K, 2% used [0x00000000ec000000,0x00000000ec030000,0x00000000ec880000)
  to   space 14848K, 0% used [0x00000000eab80000,0x00000000eab80000,0x00000000eba00000)
 ParOldGen       total 57344K, used 32702K [0x00000000a0000000, 0x00000000a3800000, 0x00000000e0000000)
  object space 57344K, 57% used [0x00000000a0000000,0x00000000a1fef908,0x00000000a3800000)
 Metaspace       used 42802K, capacity 43800K, committed 44032K, reserved 1087488K
  class space    used 5783K, capacity 6106K, committed 6144K, reserved 1048576K
}

